2024-11-11 20:47:44 0 [Note] Starting MariaDB 10.4.32-MariaDB source revision c4143f909528e3fab0677a28631d10389354c491 as process 14252
2024-11-11 20:47:44 0 [Note] InnoDB: Mutexes and rw_locks use Windows interlocked functions
2024-11-11 20:47:44 0 [Note] InnoDB: Uses event mutexes
2024-11-11 20:47:45 0 [Note] InnoDB: Compressed tables use zlib 1.3
2024-11-11 20:47:45 0 [Note] InnoDB: Number of pools: 1
2024-11-11 20:47:45 0 [Note] InnoDB: Using SSE2 crc32 instructions
2024-11-11 20:47:45 0 [Note] InnoDB: Initializing buffer pool, total size = 16M, instances = 1, chunk size = 16M
2024-11-11 20:47:45 0 [Note] InnoDB: Completed initialization of buffer pool
2024-11-11 20:47:45 0 [Note] InnoDB: Starting crash recovery from checkpoint LSN=300288
2024-11-11 20:47:45 0 [Note] InnoDB: 128 out of 128 rollback segments are active.
2024-11-11 20:47:45 0 [Note] InnoDB: Removed temporary tablespace data file: "ibtmp1"
2024-11-11 20:47:45 0 [Note] InnoDB: Creating shared tablespace for temporary tables
2024-11-11 20:47:45 0 [Note] InnoDB: Setting file '\xampp\mysql\data\ibtmp1' size to 12 MB. Physically writing the file full; Please wait ...
2024-11-11 20:47:45 0 [Note] InnoDB: File '\xampp\mysql\data\ibtmp1' size is now 12 MB.
2024-11-11 20:47:45 0 [Note] InnoDB: Waiting for purge to start
2024-11-11 20:47:45 0 [Note] InnoDB: 10.4.32 started; log sequence number 300297; transaction id 170
2024-11-11 20:47:45 0 [Note] InnoDB: Loading buffer pool(s) from D:\xampp\mysql\data\ib_buffer_pool
2024-11-11 20:47:45 0 [Note] Plugin 'FEEDBACK' is disabled.
2024-11-11 20:47:45 0 [Note] Server socket created on IP: '::'.
2024-11-11 21:51:21 0 [Note] Starting MariaDB 10.4.32-MariaDB source revision c4143f909528e3fab0677a28631d10389354c491 as process 26656
2024-11-11 21:51:21 0 [Note] InnoDB: Mutexes and rw_locks use Windows interlocked functions
2024-11-11 21:51:21 0 [Note] InnoDB: Uses event mutexes
2024-11-11 21:51:21 0 [Note] InnoDB: Compressed tables use zlib 1.3
2024-11-11 21:51:21 0 [Note] InnoDB: Number of pools: 1
2024-11-11 21:51:21 0 [Note] InnoDB: Using SSE2 crc32 instructions
2024-11-11 21:51:21 0 [Note] InnoDB: Initializing buffer pool, total size = 16M, instances = 1, chunk size = 16M
2024-11-11 21:51:21 0 [Note] InnoDB: Completed initialization of buffer pool
2024-11-11 21:51:21 0 [Note] InnoDB: Starting crash recovery from checkpoint LSN=307963
2024-11-11 21:51:21 0 [Note] InnoDB: 128 out of 128 rollback segments are active.
2024-11-11 21:51:21 0 [Note] InnoDB: Removed temporary tablespace data file: "ibtmp1"
2024-11-11 21:51:21 0 [Note] InnoDB: Creating shared tablespace for temporary tables
2024-11-11 21:51:21 0 [Note] InnoDB: Setting file '\xampp\mysql\data\ibtmp1' size to 12 MB. Physically writing the file full; Please wait ...
2024-11-11 21:51:21 0 [Note] InnoDB: File '\xampp\mysql\data\ibtmp1' size is now 12 MB.
2024-11-11 21:51:21 0 [Note] InnoDB: 10.4.32 started; log sequence number 307972; transaction id 206
2024-11-11 21:51:21 0 [Note] InnoDB: Loading buffer pool(s) from D:\xampp\mysql\data\ib_buffer_pool
2024-11-11 21:51:21 0 [Note] Plugin 'FEEDBACK' is disabled.
2024-11-11 21:51:21 0 [Note] Server socket created on IP: '::'.
2025-01-01 21:16:26 0 [Note] Starting MariaDB 10.4.32-MariaDB source revision c4143f909528e3fab0677a28631d10389354c491 as process 11148
2025-01-01 21:16:26 0 [Note] InnoDB: Mutexes and rw_locks use Windows interlocked functions
2025-01-01 21:16:26 0 [Note] InnoDB: Uses event mutexes
2025-01-01 21:16:26 0 [Note] InnoDB: Compressed tables use zlib 1.3
2025-01-01 21:16:26 0 [Note] InnoDB: Number of pools: 1
2025-01-01 21:16:26 0 [Note] InnoDB: Using SSE2 crc32 instructions
2025-01-01 21:16:27 0 [Note] InnoDB: Initializing buffer pool, total size = 16M, instances = 1, chunk size = 16M
2025-01-01 21:16:27 0 [Note] InnoDB: Completed initialization of buffer pool
2025-01-01 21:16:27 0 [Note] InnoDB: Starting crash recovery from checkpoint LSN=307981
2025-01-01 21:16:27 0 [Note] InnoDB: 128 out of 128 rollback segments are active.
2025-01-01 21:16:27 0 [Note] InnoDB: Removed temporary tablespace data file: "ibtmp1"
2025-01-01 21:16:27 0 [Note] InnoDB: Creating shared tablespace for temporary tables
2025-01-01 21:16:27 0 [Note] InnoDB: Setting file '\webGameNew\nodejsProjectPackage\xampp\mysql\data\ibtmp1' size to 12 MB. Physically writing the file full; Please wait ...
2025-01-01 21:16:27 0 [Note] InnoDB: File '\webGameNew\nodejsProjectPackage\xampp\mysql\data\ibtmp1' size is now 12 MB.
2025-01-01 21:16:27 0 [Note] InnoDB: Waiting for purge to start
2025-01-01 21:16:27 0 [Note] InnoDB: 10.4.32 started; log sequence number 307990; transaction id 206
2025-01-01 21:16:27 0 [Note] InnoDB: Loading buffer pool(s) from D:\webGameNew\nodejsProjectPackage\xampp\mysql\data\ib_buffer_pool
2025-01-01 21:16:27 0 [Note] Plugin 'FEEDBACK' is disabled.
2025-01-01 21:16:27 0 [Note] Server socket created on IP: '::'.
2025-01-02 22:52:23 0 [Note] Starting MariaDB 10.4.32-MariaDB source revision c4143f909528e3fab0677a28631d10389354c491 as process 22580
2025-01-02 22:52:23 0 [Note] InnoDB: Mutexes and rw_locks use Windows interlocked functions
2025-01-02 22:52:23 0 [Note] InnoDB: Uses event mutexes
2025-01-02 22:52:23 0 [Note] InnoDB: Compressed tables use zlib 1.3
2025-01-02 22:52:23 0 [Note] InnoDB: Number of pools: 1
2025-01-02 22:52:23 0 [Note] InnoDB: Using SSE2 crc32 instructions
2025-01-02 22:52:24 0 [Note] InnoDB: Initializing buffer pool, total size = 16M, instances = 1, chunk size = 16M
2025-01-02 22:52:24 0 [Note] InnoDB: Completed initialization of buffer pool
2025-01-02 22:52:24 0 [Note] InnoDB: Starting crash recovery from checkpoint LSN=308363
2025-01-02 22:52:26 0 [Note] InnoDB: 128 out of 128 rollback segments are active.
2025-01-02 22:52:26 0 [Note] InnoDB: Removed temporary tablespace data file: "ibtmp1"
2025-01-02 22:52:26 0 [Note] InnoDB: Creating shared tablespace for temporary tables
2025-01-02 22:52:26 0 [Note] InnoDB: Setting file '\webGameNew\nodejsProjectPackage\xampp\mysql\data\ibtmp1' size to 12 MB. Physically writing the file full; Please wait ...
2025-01-02 22:52:27 0 [Note] InnoDB: File '\webGameNew\nodejsProjectPackage\xampp\mysql\data\ibtmp1' size is now 12 MB.
2025-01-02 22:52:27 0 [Note] InnoDB: Waiting for purge to start
2025-01-02 22:52:27 0 [Note] InnoDB: 10.4.32 started; log sequence number 308372; transaction id 229
2025-01-02 22:52:28 0 [Note] Plugin 'FEEDBACK' is disabled.
2025-01-02 22:52:28 0 [Note] InnoDB: Loading buffer pool(s) from D:\webGameNew\nodejsProjectPackage\xampp\mysql\data\ib_buffer_pool
2025-01-02 22:52:29 0 [Note] Server socket created on IP: '::'.
2025-01-03 21:10:54 0 [Note] Starting MariaDB 10.4.32-MariaDB source revision c4143f909528e3fab0677a28631d10389354c491 as process 17920
2025-01-03 21:10:54 0 [Note] InnoDB: Mutexes and rw_locks use Windows interlocked functions
2025-01-03 21:10:54 0 [Note] InnoDB: Uses event mutexes
2025-01-03 21:10:54 0 [Note] InnoDB: Compressed tables use zlib 1.3
2025-01-03 21:10:54 0 [Note] InnoDB: Number of pools: 1
2025-01-03 21:10:54 0 [Note] InnoDB: Using SSE2 crc32 instructions
2025-01-03 21:10:54 0 [Note] InnoDB: Initializing buffer pool, total size = 16M, instances = 1, chunk size = 16M
2025-01-03 21:10:54 0 [Note] InnoDB: Completed initialization of buffer pool
2025-01-03 21:10:54 0 [Note] InnoDB: Starting crash recovery from checkpoint LSN=308698
2025-01-03 21:10:56 0 [Note] InnoDB: 128 out of 128 rollback segments are active.
2025-01-03 21:10:56 0 [Note] InnoDB: Removed temporary tablespace data file: "ibtmp1"
2025-01-03 21:10:56 0 [Note] InnoDB: Creating shared tablespace for temporary tables
2025-01-03 21:10:56 0 [Note] InnoDB: Setting file '\webGameNew\nodejsProjectPackage\xampp\mysql\data\ibtmp1' size to 12 MB. Physically writing the file full; Please wait ...
2025-01-03 21:10:56 0 [Note] InnoDB: File '\webGameNew\nodejsProjectPackage\xampp\mysql\data\ibtmp1' size is now 12 MB.
2025-01-03 21:10:56 0 [Note] InnoDB: Waiting for purge to start
2025-01-03 21:10:56 0 [Note] InnoDB: 10.4.32 started; log sequence number 308707; transaction id 252
2025-01-03 21:10:56 0 [Note] Plugin 'FEEDBACK' is disabled.
2025-01-03 21:10:56 0 [Note] InnoDB: Loading buffer pool(s) from D:\webGameNew\nodejsProjectPackage\xampp\mysql\data\ib_buffer_pool
2025-01-03 21:10:56 0 [Note] InnoDB: Buffer pool(s) load completed at 250103 21:10:56
2025-01-03 21:10:56 0 [Note] Server socket created on IP: '::'.
