21:16:02  [main] 	Initializing Control Panel
21:16:02  [main] 	Windows Version:  Home  64-bit
21:16:02  [main] 	XAMPP Version: 8.2.12
21:16:02  [main] 	Control Panel Version: 3.3.0  [ Compiled: Apr 6th 2021 ]
21:16:02  [main] 	You are not running with administrator rights! This will work for
21:16:02  [main] 	most application stuff but whenever you do something with services
21:16:02  [main] 	there will be a security dialogue or things will break! So think 
21:16:02  [main] 	about running this application with administrator rights!
21:16:02  [main] 	XAMPP Installation Directory: "d:\webgamenew\nodejsprojectpackage\xampp\"
21:16:02  [main] 	Checking for prerequisites
21:16:02  [main] 	All prerequisites found
21:16:02  [main] 	Initializing Modules
21:16:02  [main] 	The FileZilla module is disabled
21:16:02  [main] 	The Mercury module is disabled
21:16:02  [main] 	Starting Check-Timer
21:16:02  [main] 	Control Panel Ready
21:16:04  [Apache] 	Attempting to start Apache app...
21:16:04  [Apache] 	Status change detected: running
21:16:05  [Apache] 	Status change detected: stopped
21:16:05  [Apache] 	Error: Apache shutdown unexpectedly.
21:16:05  [Apache] 	This may be due to a blocked port, missing dependencies, 
21:16:05  [Apache] 	improper privileges, a crash, or a shutdown by another method.
21:16:05  [Apache] 	Press the Logs button to view error logs and check
21:16:05  [Apache] 	the Windows Event Viewer for more clues
21:16:05  [Apache] 	If you need more help, copy and post this
21:16:05  [Apache] 	entire log window on the forums
21:16:05  [mysql] 	Attempting to start MySQL app...
21:16:05  [mysql] 	Status change detected: running
21:16:06  [mysql] 	Status change detected: stopped
21:16:06  [mysql] 	Error: MySQL shutdown unexpectedly.
21:16:06  [mysql] 	This may be due to a blocked port, missing dependencies, 
21:16:06  [mysql] 	improper privileges, a crash, or a shutdown by another method.
21:16:06  [mysql] 	Press the Logs button to view error logs and check
21:16:06  [mysql] 	the Windows Event Viewer for more clues
21:16:06  [mysql] 	If you need more help, copy and post this
21:16:06  [mysql] 	entire log window on the forums
21:16:25  [Apache] 	Attempting to start Apache app...
21:16:26  [Apache] 	Status change detected: running
21:16:26  [mysql] 	Attempting to start MySQL app...
21:16:27  [mysql] 	Status change detected: running
21:20:38  [Apache] 	Attempting to stop Apache (PID: 15512)
21:20:38  [Apache] 	Attempting to stop Apache (PID: 21020)
21:20:38  [Apache] 	Status change detected: stopped
21:20:38  [mysql] 	Attempting to stop MySQL app...
21:20:39  [mysql] 	Status change detected: stopped
09:51:29  [main] 	Deinitializing Modules
09:51:29  [main] 	Deinitializing Control Panel

22:52:12  [main] 	Initializing Control Panel
22:52:12  [main] 	Windows Version:  Home  64-bit
22:52:12  [main] 	XAMPP Version: 8.2.12
22:52:12  [main] 	Control Panel Version: 3.3.0  [ Compiled: Apr 6th 2021 ]
22:52:12  [main] 	You are not running with administrator rights! This will work for
22:52:12  [main] 	most application stuff but whenever you do something with services
22:52:12  [main] 	there will be a security dialogue or things will break! So think 
22:52:12  [main] 	about running this application with administrator rights!
22:52:12  [main] 	XAMPP Installation Directory: "d:\webgamenew\nodejsprojectpackage\xampp\"
22:52:13  [main] 	Checking for prerequisites
22:52:19  [main] 	All prerequisites found
22:52:19  [main] 	Initializing Modules
22:52:19  [main] 	The FileZilla module is disabled
22:52:19  [main] 	The Mercury module is disabled
22:52:19  [main] 	Starting Check-Timer
22:52:19  [main] 	Control Panel Ready
22:52:22  [Apache] 	Attempting to start Apache app...
22:52:22  [Apache] 	Status change detected: running
22:52:22  [mysql] 	Attempting to start MySQL app...
22:52:23  [mysql] 	Status change detected: running
23:05:28  [mysql] 	Attempting to stop MySQL app...
23:05:29  [mysql] 	Status change detected: stopped
23:05:29  [Apache] 	Attempting to stop Apache (PID: 18636)
23:05:29  [Apache] 	Attempting to stop Apache (PID: 19036)
23:05:29  [Apache] 	Status change detected: stopped
23:06:19  [main] 	Deinitializing Modules
23:06:19  [main] 	Deinitializing Control Panel

21:10:43  [main] 	Initializing Control Panel
21:10:43  [main] 	Windows Version:  Home  64-bit
21:10:43  [main] 	XAMPP Version: 8.2.12
21:10:43  [main] 	Control Panel Version: 3.3.0  [ Compiled: Apr 6th 2021 ]
21:10:43  [main] 	You are not running with administrator rights! This will work for
21:10:43  [main] 	most application stuff but whenever you do something with services
21:10:43  [main] 	there will be a security dialogue or things will break! So think 
21:10:43  [main] 	about running this application with administrator rights!
21:10:43  [main] 	XAMPP Installation Directory: "d:\webgamenew\nodejsprojectpackage\xampp\"
21:10:43  [main] 	Checking for prerequisites
21:10:49  [main] 	All prerequisites found
21:10:49  [main] 	Initializing Modules
21:10:49  [main] 	The FileZilla module is disabled
21:10:49  [main] 	The Mercury module is disabled
21:10:49  [main] 	Starting Check-Timer
21:10:49  [main] 	Control Panel Ready
21:10:51  [Apache] 	Attempting to start Apache app...
21:10:51  [Apache] 	Status change detected: running
21:10:52  [mysql] 	Attempting to start MySQL app...
21:10:53  [mysql] 	Status change detected: running
21:53:08  [mysql] 	Attempting to stop MySQL app...
21:53:08  [mysql] 	Status change detected: stopped
21:53:08  [Apache] 	Attempting to stop Apache (PID: 25380)
21:53:08  [Apache] 	Attempting to stop Apache (PID: 30776)
21:53:09  [Apache] 	Status change detected: stopped
21:53:46  [main] 	Deinitializing Modules
21:53:46  [main] 	Deinitializing Control Panel

02:05:40  [main] 	Initializing Control Panel
02:05:40  [main] 	Windows Version:  Home  64-bit
02:05:40  [main] 	XAMPP Version: 8.2.12
02:05:40  [main] 	Control Panel Version: 3.3.0  [ Compiled: Apr 6th 2021 ]
02:05:40  [main] 	You are not running with administrator rights! This will work for
02:05:40  [main] 	most application stuff but whenever you do something with services
02:05:40  [main] 	there will be a security dialogue or things will break! So think 
02:05:40  [main] 	about running this application with administrator rights!
02:05:40  [main] 	XAMPP Installation Directory: "d:\webgamenew\nodejsprojectpackage\xampp\"
02:05:40  [main] 	Checking for prerequisites
02:05:46  [main] 	All prerequisites found
02:05:46  [main] 	Initializing Modules
02:05:46  [main] 	The FileZilla module is disabled
02:05:46  [main] 	The Mercury module is disabled
02:05:46  [main] 	Starting Check-Timer
02:05:46  [main] 	Control Panel Ready
02:05:49  [Apache] 	Attempting to start Apache app...
02:05:49  [mysql] 	Attempting to start MySQL app...
02:05:50  [Apache] 	Status change detected: running
02:05:50  [mysql] 	Status change detected: running
02:06:02  [mysql] 	Status change detected: stopped
02:06:02  [mysql] 	Error: MySQL shutdown unexpectedly.
02:06:02  [mysql] 	This may be due to a blocked port, missing dependencies, 
02:06:02  [mysql] 	improper privileges, a crash, or a shutdown by another method.
02:06:02  [mysql] 	Press the Logs button to view error logs and check
02:06:02  [mysql] 	the Windows Event Viewer for more clues
02:06:02  [mysql] 	If you need more help, copy and post this
02:06:02  [mysql] 	entire log window on the forums
02:06:31  [mysql] 	Attempting to start MySQL app...
02:06:32  [mysql] 	Status change detected: running
14:24:55  [mysql] 	Attempting to stop MySQL app...
14:24:55  [mysql] 	Status change detected: stopped
14:24:56  [Apache] 	Attempting to stop Apache (PID: 24004)
14:24:56  [Apache] 	Attempting to stop Apache (PID: 35428)
14:24:57  [Apache] 	Status change detected: stopped
14:31:39  [main] 	Deinitializing Modules
14:31:39  [main] 	Deinitializing Control Panel

